<?xml version="1.0" encoding="UTF-8"?>
<!-- Generated by org.testng.reporters.JUnitReportReporter -->
<testsuite hostname="LAPTOP-5I4OT1J3" failures="0" tests="1" name="test.test1" time="86.504" errors="0" timestamp="2023-11-17T10:42:27 IST" skipped="0">
  <testcase classname="test.test1" name="tests" time="86.504"/>
  <system-out/>
</testsuite> <!-- test.test1 -->
