<?xml version="1.0" encoding="UTF-8"?>
<!-- Generated by org.testng.reporters.JUnitReportReporter -->
<testsuite hostname="LAPTOP-5I4OT1J3" failures="0" tests="1" name="base.baseurl" time="15.490" errors="0" timestamp="2023-10-23T12:58:09 IST" skipped="0">
  <testcase classname="base.baseurl" name="test" time="15.490"/>
  <system-out/>
</testsuite> <!-- base.baseurl -->
